[debug] [2026-04-06T21:01:46.060Z] ----------------------------------------------------------------------
[debug] [2026-04-06T21:01:46.070Z] Command:       C:\nvm4w\nodejs\node.exe C:\Users\GLC\AppData\Roaming\npm\node_modules\firebase-tools\lib\bin\firebase.js init functions
[debug] [2026-04-06T21:01:46.071Z] CLI Version:   15.13.0
[debug] [2026-04-06T21:01:46.071Z] Platform:      win32
[debug] [2026-04-06T21:01:46.071Z] Node Version:  v22.15.0
[debug] [2026-04-06T21:01:46.071Z] Time:          Mon Apr 06 2026 22:01:46 GMT+0100 (heure normale d’Afrique de l’Ouest)
[debug] [2026-04-06T21:01:46.072Z] ----------------------------------------------------------------------
[debug] 
[debug] [2026-04-06T21:01:46.075Z] >>> [apiv2][query] GET https://firebase-public.firebaseio.com/cli.json [none]
[info] 
     ######## #### ########  ######## ########     ###     ######  ########
     ##        ##  ##     ## ##       ##     ##  ##   ##  ##       ##
     ######    ##  ########  ######   ########  #########  ######  ######
     ##        ##  ##    ##  ##       ##     ## ##     ##       ## ##
     ##       #### ##     ## ######## ########  ##     ##  ######  ########

You're about to initialize a Firebase project in this directory:

  C:\COMPANY\UDEMY\DEMOS\REACT_NATIVE\Section6_MasterProject\ReactNative-MealsToGoNew

Before we get started, keep in mind:

  * You are currently outside your home directory
  * You are initializing within an existing Firebase project directory

[debug] [2026-04-06T21:01:55.154Z] ExitPromptError: User force closed the prompt with SIGINT
    at Interface.sigint (C:\Users\GLC\AppData\Roaming\npm\node_modules\firebase-tools\node_modules\@inquirer\core\dist\commonjs\lib\create-prompt.js:101:37)
    at Interface.emit (node:events:518:28)
    at [_ttyWrite] [as _ttyWrite] (node:internal/readline/interface:1128:18)
    at ReadStream.onkeypress (node:internal/readline/interface:267:20)
    at ReadStream.emit (node:events:530:35)
    at emitKeys (node:internal/readline/utils:370:14)
    at emitKeys.next (<anonymous>)
    at ReadStream.onData (node:internal/readline/emitKeypressEvents:64:36)
    at ReadStream.emit (node:events:518:28)
    at addChunk (node:internal/streams/readable:561:12)
[error] 
[error] Error: An unexpected error has occurred.
